%MEM    VSZ   RSS     TIME
 0.0  25816  4704 00:00:00
1 0 0
w1 w1 g1 g2 _1 
r  r  w2 w3 w4 
r  r  w2 w3 w4 
w5 w5 g3 g4 _2 

%MEM    VSZ   RSS     TIME
 0.4  98212 76936 00:00:06
17983 117982 30
w1 w1 w3 _1 _2 
r  r  w3 g2 g4 
r  r  g1 w2 w4 
w5 w5 g3 w2 w4 

%MEM    VSZ   RSS     TIME
 0.8 163008 141832 00:00:14
28292 228291 34
w1 w1 _1 g4 w4 
r  r  w3 _2 w4 
r  r  w3 g3 w2 
w5 w5 g2 g1 w2 

%MEM    VSZ   RSS     TIME
 1.2 223148 201912 00:00:22
37328 337327 37
r  r  w1 w1 w2 
r  r  g3 g2 w2 
g4 g1 _2 w4 w3 
_1 w5 w5 w4 w3 

%MEM    VSZ   RSS     TIME
 1.6 288216 267020 00:00:31
43721 443720 40
r  r  _2 w1 w1 
r  r  g2 g4 _1 
g1 g3 w2 w3 w4 
w5 w5 w2 w3 w4 

%MEM    VSZ   RSS     TIME
 1.9 345924 324696 00:00:40
50454 550453 42
g3 g2 w1 w1 w4 
g1 _1 _2 w3 w4 
r  r  g4 w3 w2 
r  r  w5 w5 w2 

%MEM    VSZ   RSS     TIME
 2.2 398740 377488 00:00:49
53226 653225 44
r  r  w1 w1 _1 
r  r  w3 _2 g2 
g1 g4 w3 w4 w2 
w5 w5 g3 w4 w2 

%MEM    VSZ   RSS     TIME
 2.7 468900 447656 00:00:59
56984 756983 46
g2 g3 _2 w4 w3 
g4 w1 w1 w4 w3 
r  r  w2 g1 _1 
r  r  w2 w5 w5 

%MEM    VSZ   RSS     TIME
 3.0 524688 503456 00:01:09
62163 862162 48
w1 w1 w2 g2 _2 
g3 g1 w2 w4 g4 
r  r  _1 w4 w3 
r  r  w5 w5 w3 

%MEM    VSZ   RSS     TIME
 3.3 576872 555664 00:01:20
64369 964368 49
_2 _1 g3 w4 w2 
w1 w1 g4 w4 w2 
r  r  w5 w5 w3 
r  r  g2 g1 w3 

%MEM    VSZ   RSS     TIME
 3.6 626096 604992 00:01:31
64688 1064687 51
r  r  w1 w1 g3 
r  r  w3 w4 w2 
_1 g2 w3 w4 w2 
g1 _2 w5 w5 g4 

%MEM    VSZ   RSS     TIME
 3.9 675604 654408 00:01:42
65032 1165031 52
w1 w1 g3 w2 w3 
g2 _2 w4 w2 w3 
r  r  w4 g1 _1 
r  r  w5 w5 g4 

%MEM    VSZ   RSS     TIME
 4.2 726616 705380 00:01:54
66380 1266379 54
w1 w1 g1 g4 _1 
g2 _2 w4 w3 w2 
r  r  w4 w3 w2 
r  r  w5 w5 g3 

%MEM    VSZ   RSS     TIME
 4.5 775304 754236 00:02:06
66421 1366420 55
g3 _1 w1 w1 g2 
r  r  w3 w2 w4 
r  r  w3 w2 w4 
g4 g1 w5 w5 _2 

%MEM    VSZ   RSS     TIME
 5.0 853916 832728 00:02:18
61818 1461817 57
w1 w1 _2 w3 g1 
g2 g4 w4 w3 w2 
r  r  w4 _1 w2 
r  r  g3 w5 w5 

%MEM    VSZ   RSS     TIME
 5.3 897440 876268 00:02:30
53410 1553409 59
w1 w1 g2 w2 g1 
_1 g3 w4 w2 g4 
r  r  w4 _2 w3 
r  r  w5 w5 w3 

%MEM    VSZ   RSS     TIME
 5.5 941732 920592 00:02:42
46661 1646660 60
g4 w1 w1 w4 w2 
r  r  g1 w4 w2 
r  r  w5 w5 w3 
_2 g3 _1 g2 w3 

%MEM    VSZ   RSS     TIME
 5.8 986276 965212 00:02:54
40532 1740531 63
w1 w1 g4 _1 _2 
g3 g1 w3 w4 w2 
r  r  w3 w4 w2 
r  r  g2 w5 w5 

%MEM    VSZ   RSS     TIME
 6.1 1028776 1007604 00:03:07
29718 1829717 65
g3 _1 w1 w1 w2 
r  r  g2 w4 w2 
r  r  _2 w4 w3 
g1 g4 w5 w5 w3 

%MEM    VSZ   RSS     TIME
 6.3 1073580 1052428 00:03:21
24037 1924036 69
g1 _2 w3 w1 w1 
r  r  w3 g2 g4 
r  r  _1 w2 w4 
g3 w5 w5 w2 w4 

%MEM    VSZ   RSS     TIME
 6.6 1118636 1097464 00:03:34
18885 2018884 74
_1 _2 g3 w2 w3 
w1 w1 w4 w2 w3 
r  r  w4 w5 w5 
r  r  g2 g4 g1 

%MEM    VSZ   RSS     TIME
 6.9 1166256 1145072 00:03:48
19122 2119121 79
_2 g2 _1 w1 w1 
r  r  w3 w4 g3 
r  r  w3 w4 w2 
g4 w5 w5 g1 w2 

%MEM    VSZ   RSS     TIME
 7.2 1213748 1192592 00:04:03
18399 2218398 85
w4 g1 w1 w1 w3 
w4 r  r  w2 w3 
g4 r  r  w2 _1 
g2 _2 w5 w5 g3 

%MEM    VSZ   RSS     TIME
 7.5 1260856 1239664 00:04:18
17478 2317477 90
g1 r  r  w1 w1 
_2 r  r  w3 w4 
w2 g4 g2 w3 w4 
w2 w5 w5 g3 _1 

%MEM    VSZ   RSS     TIME
 7.8 1312312 1291140 00:04:34
25770 2425769 95
w1 w1 w2 w4 w3 
g3 _1 w2 w4 w3 
r  r  g4 w5 w5 
r  r  g2 _2 g1 

%MEM    VSZ   RSS     TIME
 8.1 1364028 1342800 00:04:53
34453 2534452 99
w1 w1 g3 w4 g4 
w2 r  r  w4 _2 
w2 r  r  g1 w3 
g2 w5 w5 _1 w3 

%MEM    VSZ   RSS     TIME
 8.4 1417456 1396272 00:05:11
41155 2641154 101
r  r  _2 _1 g3 
r  r  w1 w1 g2 
w2 g4 g1 w3 w4 
w2 w5 w5 w3 w4 

%MEM    VSZ   RSS     TIME
 8.8 1477920 1456732 00:05:31
50506 2750505 104
g3 _2 w1 w1 w3 
w4 _1 r  r  w3 
w4 g4 r  r  w2 
g1 g2 w5 w5 w2 

%MEM    VSZ   RSS     TIME
 9.6 1604136 1582868 00:05:50
59683 2859682 106
w2 w1 w1 _2 _1 
w2 g4 g1 w4 w3 
r  r  g2 w4 w3 
r  r  w5 w5 g3 

%MEM    VSZ   RSS     TIME
 9.9 1662680 1641480 00:06:12
67195 2967194 107
r  r  w1 w1 g4 
r  r  g2 w3 _2 
w2 _1 g3 w3 w4 
w2 g1 w5 w5 w4 

%MEM    VSZ   RSS     TIME
10.3 1719432 1698176 00:06:32
73019 3073018 109
r  r  g3 w1 w1 
r  r  g4 w3 _1 
w4 g2 g1 w3 w2 
w4 w5 w5 _2 w2 

%MEM    VSZ   RSS     TIME
10.6 1776500 1755452 00:06:54
77457 3177456 110
w2 _1 w1 w1 w4 
w2 _2 g1 g3 w4 
w5 w5 r  r  w3 
g4 g2 r  r  w3 

%MEM    VSZ   RSS     TIME
11.0 1833044 1811980 00:07:15
81334 3281333 111
g1 g3 g2 w1 w1 
w3 r  r  w2 g4 
w3 r  r  w2 w4 
_1 _2 w5 w5 w4 

%MEM    VSZ   RSS     TIME
11.3 1891824 1870584 00:07:38
87144 3387143 113
g2 g1 g3 w2 w3 
_2 w1 w1 w2 w3 
_1 g4 r  r  w4 
w5 w5 r  r  w4 

%MEM    VSZ   RSS     TIME
11.7 1953604 1932472 00:08:03
94201 3494200 114
g3 _1 g2 w3 w2 
w4 w1 w1 w3 w2 
w4 g4 _2 r  r  
w5 w5 g1 r  r  

%MEM    VSZ   RSS     TIME
12.1 2015264 1994236 00:08:27
101684 3601683 115
w1 w1 g2 r  r  
w5 w5 g3 r  r  
_1 w2 g4 w3 w4 
g1 w2 _2 w3 w4 

%MEM    VSZ   RSS     TIME
12.4 2077216 2056064 00:08:51
108588 3708587 116
w4 g4 w1 w1 w2 
w4 g2 w5 w5 w2 
r  r  _2 _1 w3 
r  r  g3 g1 w3 

%MEM    VSZ   RSS     TIME
12.8 2136540 2115448 00:09:18
114372 3814371 117
w4 g4 g2 w1 w1 
w4 _2 _1 w2 w3 
r  r  g1 w2 w3 
r  r  w5 w5 g3 

%MEM    VSZ   RSS     TIME
13.2 2197200 2176116 00:09:44
120289 3920288 118
w2 g3 g4 r  r  
w2 g2 g1 r  r  
w1 w1 w4 _2 w3 
w5 w5 w4 _1 w3 

%MEM    VSZ   RSS     TIME
13.5 2255452 2234236 00:10:09
125656 4025655 118
r  r  w1 w1 w3 
r  r  g4 _2 w3 
w4 g3 _1 g2 w2 
w4 g1 w5 w5 w2 

%MEM    VSZ   RSS     TIME
13.9 2314412 2293224 00:10:36
130522 4130521 119
g2 g4 r  r  _2 
w1 w1 r  r  w4 
g3 g1 w3 w2 w4 
w5 w5 w3 w2 _1 

%MEM    VSZ   RSS     TIME
14.2 2372172 2351028 00:11:03
135415 4235414 120
w1 w1 r  r  w2 
w5 w5 r  r  w2 
w3 g1 g4 _2 w4 
w3 g2 _1 g3 w4 

%MEM    VSZ   RSS     TIME
14.6 2429488 2408456 00:11:30
139901 4339900 121
_2 _1 g1 w3 w2 
w1 w1 g4 w3 w2 
w4 w5 w5 r  r  
w4 g2 g3 r  r  

%MEM    VSZ   RSS     TIME
14.9 2489548 2468516 00:12:02
145551 4445550 121
w2 r  r  w1 w1 
w2 r  r  _2 g3 
_1 g4 g1 w3 w4 
w5 w5 g2 w3 w4 

%MEM    VSZ   RSS     TIME
15.3 2550732 2529504 00:12:30
152611 4552610 122
g1 w1 w1 r  r  
g4 w5 w5 r  r  
g2 w2 g3 w3 w4 
_2 w2 _1 w3 w4 

%MEM    VSZ   RSS     TIME
15.7 2610936 2589720 00:12:59
158706 4658705 123
g3 r  r  w1 w1 
g1 r  r  w4 w3 
w2 w5 w5 w4 w3 
w2 g2 _1 g4 _2 

%MEM    VSZ   RSS     TIME
16.0 2669516 2648272 00:13:29
163376 4763375 123
w4 r  r  w1 w1 
w4 r  r  w2 g3 
g2 _2 g1 w2 w3 
g4 w5 w5 _1 w3 

%MEM    VSZ   RSS     TIME
16.4 2727484 2706256 00:13:59
168638 4868637 124
w3 w1 w1 w4 _1 
w3 g2 w2 w4 _2 
r  r  w2 g3 g1 
r  r  w5 w5 g4 

%MEM    VSZ   RSS     TIME
16.7 2786156 2764892 00:14:34
173976 4973975 125
r  r  w1 w1 g2 
r  r  _1 w2 g3 
w3 g4 _2 w2 w4 
w3 w5 w5 g1 w4 

%MEM    VSZ   RSS     TIME
17.1 2843400 2822196 00:15:06
177881 5077880 125
_1 w1 w1 w2 g1 
w4 r  r  w2 w3 
w4 r  r  _2 w3 
g3 g2 w5 w5 g4 

%MEM    VSZ   RSS     TIME
17.4 2899916 2878748 00:15:38
182029 5182028 126
w5 w5 w1 w1 w4 
_1 r  r  _2 w4 
w2 r  r  g1 w3 
w2 g4 g2 g3 w3 

%MEM    VSZ   RSS     TIME
17.7 2951956 2930768 00:16:07
183936 5283935 126
w2 r  r  w4 w3 
w2 r  r  w4 w3 
g4 g3 g2 w1 w1 
w5 w5 _2 _1 g1 

%MEM    VSZ   RSS     TIME
18.1 3008536 2987292 00:16:40
188062 5388061 127
w2 g1 w1 w1 w4 
w2 _2 w5 w5 w4 
g2 g4 r  r  w3 
_1 g3 r  r  w3 

%MEM    VSZ   RSS     TIME
18.4 3064736 3043572 00:17:13
191476 5491475 127
w2 _2 _1 w4 w3 
w2 r  r  w4 w3 
g2 r  r  g4 g3 
g1 w1 w1 w5 w5 

%MEM    VSZ   RSS     TIME
19.5 3248368 3227312 00:17:47
193622 5593621 128
g1 w1 w1 _1 w2 
g2 w5 w5 w4 w2 
w3 r  r  w4 _2 
w3 r  r  g4 g3 

%MEM    VSZ   RSS     TIME
19.9 3301472 3280388 00:18:22
196552 5696551 129
_2 g1 g4 g3 w2 
g2 w3 r  r  w2 
_1 w3 r  r  w4 
w1 w1 w5 w5 w4 

%MEM    VSZ   RSS     TIME
20.2 3358392 3337124 00:18:57
200327 5800326 129
w1 w1 g4 _1 g3 
g1 r  r  w4 _2 
w3 r  r  w4 w2 
w3 g2 w5 w5 w2 

%MEM    VSZ   RSS     TIME
20.6 3414680 3393604 00:19:33
204218 5904217 130
g4 r  r  w1 w1 
w3 r  r  w4 g2 
w3 w5 w5 w4 w2 
g1 _2 g3 _1 w2 

%MEM    VSZ   RSS     TIME
20.9 3471680 3450632 00:20:10
209126 6009125 130
w3 w1 w1 w2 g1 
w3 r  r  w2 _2 
g3 r  r  _1 w4 
g4 w5 w5 g2 w4 

%MEM    VSZ   RSS     TIME
21.3 3529396 3508304 00:20:48
214347 6114346 131
r  r  g1 w4 w2 
r  r  _1 w4 w2 
w3 g3 w5 w5 _2 
w3 w1 w1 g4 g2 

%MEM    VSZ   RSS     TIME
21.6 3588796 3567684 00:21:26
219401 6219400 131
_1 w3 w1 w1 w2 
_2 w3 w4 g1 w2 
r  r  w4 g2 g3 
r  r  w5 w5 g4 

%MEM    VSZ   RSS     TIME
22.0 3645348 3624220 00:22:04
223006 6323005 131
w4 g3 _1 w2 w3 
w4 w1 w1 w2 w3 
g4 r  r  _2 g1 
g2 r  r  w5 w5 

%MEM    VSZ   RSS     TIME
22.3 3703980 3682704 00:22:43
228651 6428650 132
r  r  g3 g4 g1 
r  r  g2 _1 _2 
w2 w5 w5 w3 w4 
w2 w1 w1 w3 w4 

%MEM    VSZ   RSS     TIME
22.6 3758940 3737908 00:23:22
232514 6532513 132
w5 w5 w1 w1 _1 
_2 g1 g2 g3 g4 
w2 r  r  w3 w4 
w2 r  r  w3 w4 

%MEM    VSZ   RSS     TIME
23.0 3814532 3793496 00:24:03
235804 6635803 133
_1 w4 r  r  w2 
g4 w4 r  r  w2 
w1 w1 g1 g3 w3 
_2 w5 w5 g2 w3 

%MEM    VSZ   RSS     TIME
23.3 3867640 3846344 00:24:43
237208 6737207 133
w2 r  r  w4 w3 
w2 r  r  w4 w3 
_1 g3 g1 g2 _2 
w1 w1 g4 w5 w5 

%MEM    VSZ   RSS     TIME
23.6 3919476 3898312 00:25:23
238807 6838806 134
_2 w1 w1 _1 g3 
g4 g2 g1 w5 w5 
r  r  w2 w4 w3 
r  r  w2 w4 w3 

%MEM    VSZ   RSS     TIME
23.9 3969440 3948276 00:25:58
239870 6939869 134
g4 w1 w1 w4 g3 
g2 w5 w5 w4 _1 
w2 r  r  _2 w3 
w2 r  r  g1 w3 

%MEM    VSZ   RSS     TIME
24.2 4020160 3999072 00:26:39
241420 7041419 134
w2 _1 _2 g3 w3 
w2 r  r  w4 w3 
g1 r  r  w4 g2 
w1 w1 g4 w5 w5 

%MEM    VSZ   RSS     TIME
24.6 4073032 4051836 00:27:21
243181 7143180 135
_2 r  r  _1 g1 
w2 r  r  g2 w4 
w2 w5 w5 w3 w4 
w1 w1 g3 w3 g4 

%MEM    VSZ   RSS     TIME
24.9 4126444 4105220 00:27:59
245158 7245157 135
w1 w1 _1 g1 w2 
_2 w5 w5 g2 w2 
w4 g3 r  r  w3 
w4 g4 r  r  w3 

%MEM    VSZ   RSS     TIME
25.2 4182788 4161552 00:28:45
249405 7349404 136
w2 g3 g4 _1 _2 
w2 r  r  w3 w4 
g2 r  r  w3 w4 
g1 w5 w5 w1 w1 

%MEM    VSZ   RSS     TIME
25.6 4238440 4217260 00:29:31
253632 7453631 136
w1 w1 w2 _2 w4 
w5 w5 w2 _1 w4 
g4 w3 r  r  g1 
g2 w3 r  r  g3 

%MEM    VSZ   RSS     TIME
25.9 4297088 4275908 00:30:24
259175 7559174 137
r  r  w1 w1 w4 
r  r  g3 w2 w4 
w3 w5 w5 w2 g1 
w3 g4 _2 g2 _1 

%MEM    VSZ   RSS     TIME
26.3 4357992 4336936 00:31:11
265015 7665014 137
w1 w1 g1 w5 w5 
g4 r  r  w3 w2 
w4 r  r  w3 w2 
w4 _1 g2 _2 g3 

g4 w2 w4 _2 _1 
g1 w2 w4 r  r  
w1 w1 w3 r  r  
w5 w5 w3 g3 g2 

138 [('g2', 0, 1), ('g1', 0, 1), ('w2', -1, 0), ('g3', -1, 0), ('g4', 0, -1), ('w3', 1, 0), ('g1', 1, 0), ('g2', 0, -1), ('w4', -1, 0), ('w3', 0, 1), ('g1', 1, 0), ('g1', 1, 0), ('g2', 1, 0), ('g2', 1, 0), ('w2', 0, 1), ('w1', 0, 1), ('g3', -1, 0), ('g2', 0, -1), ('w2', 1, 0), ('w1', 0, 1), ('r', -1, 0), ('g2', 0, -1), ('g3', 1, 0), ('g2', 0, -1), ('g3', 0, -1), ('w2', 0, -1), ('g1', -1, 0), ('g4', 0, 1), ('w5', 0, 1), ('g2', 1, 0), ('g1', -1, 0), ('g4', -1, 0), ('w5', 0, 1), ('g3', 1, 0), ('r', 1, 0), ('w1', 0, -1), ('w1', 0, -1), ('g1', -1, 0), ('g1', 0, -1), ('w4', 0, -1), ('w3', -1, 0), ('w3', -1, 0), ('g4', 0, 1), ('w4', 1, 0), ('w5', 0, 1), ('w2', 1, 0), ('g1', 1, 0), ('w1', 0, 1), ('w1', 0, 1), ('r', -1, 0), ('g3', -1, 0), ('g3', 0, -1), ('w2', 0, -1), ('g1', 1, 0), ('w5', 0, -1), ('g4', 1, 0), ('w3', 1, 0), ('w1', 0, 1), ('r', 0, 1), ('g3', -1, 0), ('g3', -1, 0), ('g2', -1, 0), ('g2', -1, 0), ('w2', 0, -1), ('g1', 0, -1), ('g1', 1, 0), ('r', 1, 0), ('g3', 0, 1), ('g3', 0, 1), ('g2', -1, 0), ('g2', 0, 1), ('w2', -1, 0), ('w2', -1, 0), ('g1', 0, -1), ('g1', -1, 0), ('w5', 0, -1), ('w5', 0, -1), ('g4', 0, -1), ('g4', 0, -1), ('w4', 1, 0), ('w3', 1, 0), ('w1', 1, 0), ('g3', 0, 1), ('g3', 0, 1), ('g2', 0, 1), ('g2', 0, 1), ('r', -1, 0), ('g4', -1, 0), ('w5', 0, 1), ('g1', 0, 1), ('w2', 1, 0), ('w2', 1, 0), ('r', 0, -1), ('g2', 0, -1), ('g3', 0, -1), ('w1', 0, -1), ('w3', -1, 0), ('w3', -1, 0), ('w4', 0, 1), ('w5', 0, 1), ('g1', 1, 0), ('g4', 0, -1), ('w1', 1, 0), ('g3', 1, 0), ('g2', 0, 1), ('r', 0, 1), ('w2', -1, 0), ('w2', -1, 0), ('g4', 0, -1), ('w1', 0, -1), ('g1', 0, -1), ('w5', 0, -1), ('w4', 0, -1), ('w3', 1, 0), ('g2', 0, 1), ('w3', 1, 0), ('g3', 0, 1), ('r', 0, 1), ('w2', 0, 1), ('g4', -1, 0), ('g4', -1, 0), ('g1', -1, 0), ('g1', -1, 0), ('w1', 0, -1), ('w5', 0, -1), ('w4', 0, -1), ('w3', 0, -1), ('g3', 1, 0), ('g2', 1, 0), ('g3', 1, 0), ('g2', 1, 0), ('r', 0, 1), ('w4', -1, 0), ('w4', -1, 0), ('w3', 0, -1), ('g3', 0, -1), ('g2', 1, 0), ('r', 1, 0)]
